# JRE version: OpenJDK Runtime Environment (11.0.15) (build 11.0.15+0-b2043.56-9505619)
# Java VM: OpenJDK 64-Bit Server VM (11.0.15+0-b2043.56-9505619, mixed mode, tiered, compressed oops, g1 gc, windows-amd64)
Heap:
 garbage-first heap   total 454656K, used 237783K [0x0000000080000000, 0x0000000100000000)
  region size 1024K, 38 young (38912K), 8 survivors (8192K)
 Metaspace       used 115807K, capacity 119231K, committed 119472K, reserved 1153024K
  class space    used 14737K, capacity 16079K, committed 16128K, reserved 1048576K
GC Heap History (20 events):
Event: 292.195 GC heap before
{Heap before GC invocations=174 (full 0):
 garbage-first heap   total 378880K, used 318293K [0x0000000080000000, 0x0000000100000000)
  region size 1024K, 121 young (123904K), 9 survivors (9216K)
 Metaspace       used 115758K, capacity 119140K, committed 119216K, reserved 1153024K
  class space    used 14733K, capacity 16072K, committed 16128K, reserved 1048576K
}
Event: 292.222 GC heap after
{Heap after GC invocations=175 (full 0):
 garbage-first heap   total 454656K, used 202653K [0x0000000080000000, 0x0000000100000000)
  region size 1024K, 8 young (8192K), 8 survivors (8192K)
 Metaspace       used 115758K, capacity 119140K, committed 119216K, reserved 1153024K
  class space    used 14733K, capacity 16072K, committed 16128K, reserved 1048576K
}
Event: 293.958 GC heap before
{Heap before GC invocations=175 (full 0):
 garbage-first heap   total 454656K, used 365469K [0x0000000080000000, 0x0000000100000000)
  region size 1024K, 168 young (172032K), 8 survivors (8192K)
 Metaspace       used 115762K, capacity 119140K, committed 119216K, reserved 1153024K
  class space    used 14733K, capacity 16072K, committed 16128K, reserved 1048576K
}
Event: 293.999 GC heap after
{Heap after GC invocations=176 (full 0):
 garbage-first heap   total 454656K, used 209821K [0x0000000080000000, 0x0000000100000000)
  region size 1024K, 15 young (15360K), 15 survivors (15360K)
 Metaspace       used 115762K, capacity 119140K, committed 119216K, reserved 1153024K
  class space    used 14733K, capacity 16072K, committed 16128K, reserved 1048576K
}
Event: 295.238 GC heap before
{Heap before GC invocations=176 (full 0):
 garbage-first heap   total 454656K, used 377757K [0x0000000080000000, 0x0000000100000000)
  region size 1024K, 179 young (183296K), 15 survivors (15360K)
 Metaspace       used 115769K, capacity 119148K, committed 119216K, reserved 1153024K
  class space    used 14735K, capacity 16075K, committed 16128K, reserved 1048576K
}
Event: 295.278 GC heap after
{Heap after GC invocations=177 (full 0):
 garbage-first heap   total 454656K, used 210683K [0x0000000080000000, 0x0000000100000000)
  region size 1024K, 9 young (9216K), 9 survivors (9216K)
 Metaspace       used 115769K, capacity 119148K, committed 119216K, reserved 1153024K
  class space    used 14735K, capacity 16075K, committed 16128K, reserved 1048576K
}
Event: 296.619 GC heap before
{Heap before GC invocations=177 (full 0):
 garbage-first heap   total 454656K, used 380667K [0x0000000080000000, 0x0000000100000000)
  region size 1024K, 175 young (179200K), 9 survivors (9216K)
 Metaspace       used 115773K, capacity 119149K, committed 119216K, reserved 1153024K
  class space    used 14735K, capacity 16075K, committed 16128K, reserved 1048576K
}
Event: 296.644 GC heap after
{Heap after GC invocations=178 (full 0):
 garbage-first heap   total 454656K, used 210683K [0x0000000080000000, 0x0000000100000000)
  region size 1024K, 9 young (9216K), 9 survivors (9216K)
 Metaspace       used 115773K, capacity 119149K, committed 119216K, reserved 1153024K
  class space    used 14735K, capacity 16075K, committed 16128K, reserved 1048576K
}
Event: 297.837 GC heap before
{Heap before GC invocations=178 (full 0):
 garbage-first heap   total 454656K, used 382715K [0x0000000080000000, 0x0000000100000000)
  region size 1024K, 177 young (181248K), 9 survivors (9216K)
 Metaspace       used 115778K, capacity 119151K, committed 119216K, reserved 1153024K
  class space    used 14735K, capacity 16075K, committed 16128K, reserved 1048576K
}
Event: 297.862 GC heap after
{Heap after GC invocations=179 (full 0):
 garbage-first heap   total 454656K, used 210502K [0x0000000080000000, 0x0000000100000000)
  region size 1024K, 9 young (9216K), 9 survivors (9216K)
 Metaspace       used 115778K, capacity 119151K, committed 119216K, reserved 1153024K
  class space    used 14735K, capacity 16075K, committed 16128K, reserved 1048576K
}
Event: 299.003 GC heap before
{Heap before GC invocations=179 (full 0):
 garbage-first heap   total 454656K, used 386630K [0x0000000080000000, 0x0000000100000000)
  region size 1024K, 181 young (185344K), 9 survivors (9216K)
 Metaspace       used 115788K, capacity 119163K, committed 119216K, reserved 1153024K
  class space    used 14737K, capacity 16079K, committed 16128K, reserved 1048576K
}
Event: 299.030 GC heap after
{Heap after GC invocations=180 (full 0):
 garbage-first heap   total 454656K, used 210683K [0x0000000080000000, 0x0000000100000000)
  region size 1024K, 9 young (9216K), 9 survivors (9216K)
 Metaspace       used 115788K, capacity 119163K, committed 119216K, reserved 1153024K
  class space    used 14737K, capacity 16079K, committed 16128K, reserved 1048576K
}
Event: 300.461 GC heap before
{Heap before GC invocations=180 (full 0):
 garbage-first heap   total 454656K, used 389883K [0x0000000080000000, 0x0000000100000000)
  region size 1024K, 184 young (188416K), 9 survivors (9216K)
 Metaspace       used 115789K, capacity 119163K, committed 119216K, reserved 1153024K
  class space    used 14737K, capacity 16079K, committed 16128K, reserved 1048576K
}
Event: 300.490 GC heap after
{Heap after GC invocations=181 (full 0):
 garbage-first heap   total 454656K, used 210683K [0x0000000080000000, 0x0000000100000000)
  region size 1024K, 9 young (9216K), 9 survivors (9216K)
 Metaspace       used 115789K, capacity 119163K, committed 119216K, reserved 1153024K
  class space    used 14737K, capacity 16079K, committed 16128K, reserved 1048576K
}
Event: 301.681 GC heap before
{Heap before GC invocations=181 (full 0):
 garbage-first heap   total 454656K, used 391931K [0x0000000080000000, 0x0000000100000000)
  region size 1024K, 186 young (190464K), 9 survivors (9216K)
 Metaspace       used 115790K, capacity 119163K, committed 119216K, reserved 1153024K
  class space    used 14737K, capacity 16079K, committed 16128K, reserved 1048576K
}
Event: 301.710 GC heap after
{Heap after GC invocations=182 (full 0):
 garbage-first heap   total 454656K, used 210501K [0x0000000080000000, 0x0000000100000000)
  region size 1024K, 9 young (9216K), 9 survivors (9216K)
 Metaspace       used 115790K, capacity 119163K, committed 119216K, reserved 1153024K
  class space    used 14737K, capacity 16079K, committed 16128K, reserved 1048576K
}
Event: 302.750 GC heap before
{Heap before GC invocations=182 (full 0):
 garbage-first heap   total 454656K, used 392773K [0x0000000080000000, 0x0000000100000000)
  region size 1024K, 187 young (191488K), 9 survivors (9216K)
 Metaspace       used 115791K, capacity 119163K, committed 119216K, reserved 1153024K
  class space    used 14737K, capacity 16079K, committed 16128K, reserved 1048576K
}
Event: 302.779 GC heap after
{Heap after GC invocations=183 (full 0):
 garbage-first heap   total 454656K, used 210565K [0x0000000080000000, 0x0000000100000000)
  region size 1024K, 9 young (9216K), 9 survivors (9216K)
 Metaspace       used 115791K, capacity 119163K, committed 119216K, reserved 1153024K
  class space    used 14737K, capacity 16079K, committed 16128K, reserved 1048576K
}
Event: 303.931 GC heap before
{Heap before GC invocations=183 (full 0):
 garbage-first heap   total 454656K, used 392837K [0x0000000080000000, 0x0000000100000000)
  region size 1024K, 187 young (191488K), 9 survivors (9216K)
 Metaspace       used 115795K, capacity 119164K, committed 119216K, reserved 1153024K
  class space    used 14737K, capacity 16079K, committed 16128K, reserved 1048576K
}
Event: 303.964 GC heap after
{Heap after GC invocations=184 (full 0):
 garbage-first heap   total 454656K, used 212130K [0x0000000080000000, 0x0000000100000000)
  region size 1024K, 11 young (11264K), 11 survivors (11264K)
 Metaspace       used 115795K, capacity 119164K, committed 119216K, reserved 1153024K
  class space    used 14737K, capacity 16079K, committed 16128K, reserved 1048576K
}

